<?xml version="1.0" encoding="UTF-8"?>
<testng-results skipped="0" failed="0" total="1" passed="1">
  <reporter-output>
  </reporter-output>
  <suite name="Flipkart application test Automation" duration-ms="28783" started-at="2019-02-21T06:36:15Z" finished-at="2019-02-21T06:36:44Z">
    <groups>
    </groups>
    <test name="Flipkart Test Cases" duration-ms="28783" started-at="2019-02-21T06:36:15Z" finished-at="2019-02-21T06:36:44Z">
      <class name="com.flip.qa.Testcases.LoginPageTest">
        <test-method status="PASS" signature="setUp()[pri:0, instance:com.flip.qa.Testcases.LoginPageTest@59f99ea]" name="setUp" is-config="true" duration-ms="22735" started-at="2019-02-21T12:06:15Z" finished-at="2019-02-21T12:06:38Z">
          <reporter-output>
          </reporter-output>
        </test-method> <!-- setUp -->
        <test-method status="PASS" signature="loginTest()[pri:0, instance:com.flip.qa.Testcases.LoginPageTest@59f99ea]" name="loginTest" duration-ms="4668" started-at="2019-02-21T12:06:38Z" finished-at="2019-02-21T12:06:42Z">
          <reporter-output>
          </reporter-output>
        </test-method> <!-- loginTest -->
        <test-method status="PASS" signature="tearDown()[pri:0, instance:com.flip.qa.Testcases.LoginPageTest@59f99ea]" name="tearDown" is-config="true" duration-ms="1336" started-at="2019-02-21T12:06:42Z" finished-at="2019-02-21T12:06:44Z">
          <reporter-output>
          </reporter-output>
        </test-method> <!-- tearDown -->
      </class> <!-- com.flip.qa.Testcases.LoginPageTest -->
    </test> <!-- Flipkart Test Cases -->
  </suite> <!-- Flipkart application test Automation -->
</testng-results>
